#
# There is insufficient memory for the Java Runtime Environment to continue.
# Native memory allocation (malloc) failed to allocate 1150480 bytes for Chunk::new
# Possible reasons:
#   The system is out of physical RAM or swap space
#   The process is running with CompressedOops enabled, and the Java Heap may be blocking the growth of the native heap
# Possible solutions:
#   Reduce memory load on the system
#   Increase physical memory or swap space
#   Check if swap backing store is full
#   Decrease Java heap size (-Xmx/-Xms)
#   Decrease number of Java threads
#   Decrease Java thread stack sizes (-Xss)
#   Set larger code cache with -XX:ReservedCodeCacheSize=
#   JVM is running with Unscaled Compressed Oops mode in which the Java heap is
#     placed in the first 4GB address space. The Java Heap base address is the
#     maximum limit for the native heap growth. Please use -XX:HeapBaseMinAddress
#     to set the Java Heap base and to place the Java Heap above 4GB virtual address.
# This output file may be truncated or incomplete.
#
#  Out of Memory Error (allocation.cpp:389), pid=13076, tid=0x0000000000000770
#
# JRE version: OpenJDK Runtime Environment (8.0_242-b01) (build 1.8.0_242-release-1644-b01)
# Java VM: OpenJDK 64-Bit Server VM (25.242-b01 mixed mode windows-amd64 compressed oops)
# Failed to write core dump. Minidumps are not enabled by default on client versions of Windows
#

---------------  T H R E A D  ---------------

Current thread (0x0000000018032800):  JavaThread "C2 CompilerThread0" daemon [_thread_in_native, id=1904, stack(0x0000000019690000,0x0000000019790000)]

Stack: [0x0000000019690000,0x0000000019790000]
[error occurred during error reporting (printing stack bounds), id 0xc0000005]

Native frames: (J=compiled Java code, j=interpreted, Vv=VM code, C=native code)


Current CompileTask:
C2:   9055 5697   !   4       java.util.Formatter::format (271 bytes)


---------------  P R O C E S S  ---------------

Java Threads: ( => current thread )
  0x000000001fe40800 JavaThread "Build operations Thread 4" [_thread_in_native, id=15164, stack(0x0000000025d60000,0x0000000025e60000)]
  0x000000001fe39800 JavaThread "Build operations Thread 3" [_thread_in_Java, id=14692, stack(0x0000000025c60000,0x0000000025d60000)]
  0x000000001fe3c800 JavaThread "Build operations Thread 2" [_thread_in_native, id=2500, stack(0x0000000025b60000,0x0000000025c60000)]
  0x000000001fe3c000 JavaThread "Build operations" [_thread_in_native, id=12224, stack(0x0000000025a60000,0x0000000025b60000)]
  0x000000001fe3b000 JavaThread "Cache worker for Build Output Cleanup Cache (C:\Users\deded\StudioProjects\JustSaveIt\.gradle\buildOutputCleanup)" [_thread_blocked, id=10856, stack(0x00000000237c0000,0x00000000238c0000)]
  0x000000001b9cb800 JavaThread "Cache worker for file content cache (C:\Users\deded\.gradle\caches\6.5\fileContent)" [_thread_blocked, id=15564, stack(0x00000000236c0000,0x00000000237c0000)]
  0x000000001b9ce000 JavaThread "Cache worker for execution history cache (C:\Users\deded\.gradle\caches\6.5\executionHistory)" [_thread_blocked, id=6784, stack(0x00000000231c0000,0x00000000232c0000)]
  0x000000001b9cc800 JavaThread "Cache worker for cache directory md-rule (C:\Users\deded\.gradle\caches\6.5\md-rule)" [_thread_blocked, id=7172, stack(0x0000000022ec0000,0x0000000022fc0000)]
  0x000000001b9cf800 JavaThread "Cache worker for cache directory md-supplier (C:\Users\deded\.gradle\caches\6.5\md-supplier)" [_thread_blocked, id=8208, stack(0x0000000022dc0000,0x0000000022ec0000)]
  0x000000001b9ce800 JavaThread "Cache worker for checksums cache (C:\Users\deded\StudioProjects\JustSaveIt\.gradle\checksums)" [_thread_blocked, id=2364, stack(0x0000000022cc0000,0x0000000022dc0000)]
  0x000000001b9ca000 JavaThread "jar transforms Thread 20" [_thread_blocked, id=8276, stack(0x00000000229c0000,0x0000000022ac0000)]
  0x000000001b9d1000 JavaThread "jar transforms Thread 19" [_thread_blocked, id=2740, stack(0x00000000227c0000,0x00000000228c0000)]
  0x000000001b9d0000 JavaThread "jar transforms Thread 18" [_thread_blocked, id=13992, stack(0x00000000226c0000,0x00000000227c0000)]
  0x000000001b9c2800 JavaThread "jar transforms Thread 17" [_thread_blocked, id=3708, stack(0x00000000225c0000,0x00000000226c0000)]
  0x000000001b9c7000 JavaThread "jar transforms Thread 16" [_thread_blocked, id=11276, stack(0x00000000224c0000,0x00000000225c0000)]
  0x000000001b9c9800 JavaThread "jar transforms Thread 15" [_thread_blocked, id=11996, stack(0x00000000223c0000,0x00000000224c0000)]
  0x000000001b9c6800 JavaThread "jar transforms Thread 14" [_thread_blocked, id=13532, stack(0x00000000222c0000,0x00000000223c0000)]
  0x000000001b9c8800 JavaThread "jar transforms Thread 13" [_thread_blocked, id=10220, stack(0x00000000221c0000,0x00000000222c0000)]
  0x000000001b9c4000 JavaThread "jar transforms Thread 12" [_thread_blocked, id=6056, stack(0x00000000220c0000,0x00000000221c0000)]
  0x000000001b9c8000 JavaThread "jar transforms Thread 11" [_thread_blocked, id=2152, stack(0x0000000021fc0000,0x00000000220c0000)]
  0x000000001b9c5800 JavaThread "jar transforms Thread 10" [_thread_blocked, id=17284, stack(0x0000000021ec0000,0x0000000021fc0000)]
  0x000000001b9c3800 JavaThread "jar transforms Thread 9" [_thread_blocked, id=1780, stack(0x0000000021dc0000,0x0000000021ec0000)]
  0x000000001b9c5000 JavaThread "jar transforms Thread 8" [_thread_blocked, id=15168, stack(0x0000000021cc0000,0x0000000021dc0000)]
  0x000000001b835000 JavaThread "jar transforms Thread 7" [_thread_blocked, id=16796, stack(0x0000000021bc0000,0x0000000021cc0000)]
  0x000000001b834000 JavaThread "jar transforms Thread 6" [_thread_blocked, id=412, stack(0x0000000021ac0000,0x0000000021bc0000)]
  0x000000001b833800 JavaThread "jar transforms Thread 5" [_thread_blocked, id=7332, stack(0x00000000219c0000,0x0000000021ac0000)]
  0x000000001b831000 JavaThread "jar transforms Thread 4" [_thread_blocked, id=16964, stack(0x00000000218c0000,0x00000000219c0000)]
  0x000000001b832000 JavaThread "jar transforms Thread 3" [_thread_blocked, id=2552, stack(0x00000000217c0000,0x00000000218c0000)]
  0x000000001b836800 JavaThread "jar transforms Thread 2" [_thread_blocked, id=14492, stack(0x00000000216c0000,0x00000000217c0000)]
  0x000000001b837000 JavaThread "jar transforms" [_thread_blocked, id=17352, stack(0x0000000020550000,0x0000000020650000)]
  0x000000001b835800 JavaThread "Cache worker for file hash cache (C:\Users\deded\StudioProjects\JustSaveIt\.gradle\6.5\fileHashes)" [_thread_blocked, id=17044, stack(0x0000000020450000,0x0000000020550000)]
  0x000000001b832800 JavaThread "Cache worker for file hash cache (C:\Users\deded\.gradle\caches\6.5\fileHashes)" [_thread_blocked, id=12048, stack(0x000000001dfb0000,0x000000001e0b0000)]
  0x000000001b830800 JavaThread "File lock request listener" [_thread_in_native, id=4580, stack(0x000000001deb0000,0x000000001dfb0000)]
  0x000000001abcb800 JavaThread "Cache worker for journal cache (C:\Users\deded\.gradle\caches\journal-1)" [_thread_blocked, id=12800, stack(0x000000001ddb0000,0x000000001deb0000)]
  0x000000001a276000 JavaThread "Thread-9" [_thread_blocked, id=11480, stack(0x000000001dab0000,0x000000001dbb0000)]
  0x000000001a1c2800 JavaThread "Stdin handler" [_thread_blocked, id=17264, stack(0x000000001d9b0000,0x000000001dab0000)]
  0x000000001a1c0000 JavaThread "Asynchronous log dispatcher for DefaultDaemonConnection: socket connection from /127.0.0.1:54950 to /127.0.0.1:54951" [_thread_in_native, id=6592, stack(0x000000001d8b0000,0x000000001d9b0000)]
  0x000000001a1bb800 JavaThread "Daemon worker" [_thread_blocked, id=8632, stack(0x000000001d7b0000,0x000000001d8b0000)]
  0x000000001b9b2000 JavaThread "Cancel handler" [_thread_blocked, id=14372, stack(0x000000001d6b0000,0x000000001d7b0000)]
  0x000000001b92c800 JavaThread "Handler for socket connection from /127.0.0.1:54950 to /127.0.0.1:54951" [_thread_in_native, id=10864, stack(0x000000001d3b0000,0x000000001d4b0000)]
  0x000000001b937000 JavaThread "Daemon periodic checks" [_thread_blocked, id=12680, stack(0x000000001d2b0000,0x000000001d3b0000)]
  0x000000001b8df000 JavaThread "Daemon" [_thread_blocked, id=7652, stack(0x000000001d1b0000,0x000000001d2b0000)]
  0x000000001b8ce800 JavaThread "Incoming local TCP Connector on port 54950" [_thread_in_native, id=6028, stack(0x000000001cf70000,0x000000001d070000)]
  0x000000001b844800 JavaThread "Daemon health stats" [_thread_blocked, id=15804, stack(0x000000001c930000,0x000000001ca30000)]
  0x000000001999b000 JavaThread "Service Thread" daemon [_thread_blocked, id=3520, stack(0x0000000019d90000,0x0000000019e90000)]
  0x0000000018061800 JavaThread "C1 CompilerThread2" daemon [_thread_blocked, id=14732, stack(0x0000000019890000,0x0000000019990000)]
  0x0000000018044800 JavaThread "C2 CompilerThread1" daemon [_thread_blocked, id=11048, stack(0x0000000019790000,0x0000000019890000)]
=>0x0000000018032800 JavaThread "C2 CompilerThread0" daemon [_thread_in_native, id=1904, stack(0x0000000019690000,0x0000000019790000)]
  0x0000000018036000 JavaThread "Attach Listener" daemon [_thread_blocked, id=15580, stack(0x0000000019590000,0x0000000019690000)]
  0x0000000018034800 JavaThread "Signal Dispatcher" daemon [_thread_blocked, id=10792, stack(0x0000000019490000,0x0000000019590000)]
  0x000000000340b000 JavaThread "Finalizer" daemon [_thread_blocked, id=10776, stack(0x0000000019290000,0x0000000019390000)]
  0x0000000018019000 JavaThread "Reference Handler" daemon [_thread_blocked, id=10772, stack(0x0000000019190000,0x0000000019290000)]
  0x000000000330e000 JavaThread "main" [_thread_blocked, id=16896, stack(0x00000000031a0000,0x00000000032a0000)]

Other Threads:
  0x0000000017ff6000 VMThread [stack: 0x0000000019090000,0x0000000019190000] [id=9684]
  0x000000001999d000 WatcherThread [stack: 0x0000000019e90000,0x0000000019f90000] [id=10328]

VM state:not at safepoint (normal execution)

VM Mutex/Monitor currently owned by a thread: None

heap address: 0x0000000080000000, size: 2048 MB, Compressed Oops mode: 32-bit
Narrow klass base: 0x0000000000000000, Narrow klass shift: 3
Compressed class space size: 1073741824 Address: 0x0000000100000000

Heap:
 PSYoungGen      total 113664K, used 45475K [0x00000000d5580000, 0x00000000dea00000, 0x0000000100000000)
  eden space 100864K, 36% used [0x00000000d5580000,0x00000000d790e228,0x00000000db800000)
  from space 12800K, 70% used [0x00000000db800000,0x00000000dc0da9f0,0x00000000dc480000)
  to   space 13312K, 0% used [0x00000000ddd00000,0x00000000ddd00000,0x00000000dea00000)
 ParOldGen       total 60416K, used 23064K [0x0000000080000000, 0x0000000083b00000, 0x00000000d5580000)
  object space 60416K, 38% used [0x0000000080000000,0x0000000081686298,0x0000000083b00000)
 Metaspace       used 48467K, capacity 50440K, committed 50520K, reserved 1093632K
  class space    used 6337K, capacity 6753K, committed 6784K, reserved 1048576K

Card table byte_map: [0x00000000127d0000,0x0000000012be0000] byte_map_base: 0x00000000123d0000

Marking Bits: (ParMarkBitMap*) 0x00000000568ef030
 Begin Bits: [0x0000000013290000, 0x0000000015290000)
 End Bits:   [0x0000000015290000, 0x0000000017290000)

Polling page: 0x00000000018d0000

CodeCache: size=245760Kb used=17145Kb max_used=17151Kb free=228614Kb
 bounds [0x0000000003410000, 0x00000000044f0000, 0x0000000012410000]
 total_blobs=5911 nmethods=5113 adapters=708
 compilation: enabled

Compilation events (10 events):
Event: 8.997 Thread 0x0000000018044800 5752       4       java.util.Locale::equals (75 bytes)
Event: 8.998 Thread 0x0000000018044800 nmethod 5752 0x00000000044d9750 code [0x00000000044d98a0, 0x00000000044d9a18]
Event: 9.040 Thread 0x0000000018061800 5753       3       java.text.ParsePosition::<init> (20 bytes)
Event: 9.040 Thread 0x0000000018061800 nmethod 5753 0x00000000044dd910 code [0x00000000044dda60, 0x00000000044ddc10]
Event: 9.040 Thread 0x0000000018061800 5754       3       sun.util.locale.provider.DateFormatSymbolsProviderImpl::getInstance (21 bytes)
Event: 9.040 Thread 0x0000000018061800 nmethod 5754 0x00000000044d91d0 code [0x00000000044d9360, 0x00000000044d9638]
Event: 9.040 Thread 0x0000000018061800 5756       3       java.text.CalendarBuilder::set (63 bytes)
Event: 9.040 Thread 0x0000000018061800 nmethod 5756 0x00000000044e2d50 code [0x00000000044e2ee0, 0x00000000044e3330]
Event: 9.040 Thread 0x0000000018061800 5755       3       java.text.DateFormatSymbols::<init> (73 bytes)
Event: 9.041 Thread 0x0000000018061800 nmethod 5755 0x00000000044e2850 code [0x00000000044e29c0, 0x00000000044e2c68]

GC Heap History (10 events):
Event: 4.224 GC heap before
{Heap before GC invocations=9 (full 1):
 PSYoungGen      total 76800K, used 71848K [0x00000000d5580000, 0x00000000dce80000, 0x0000000100000000)
  eden space 66048K, 100% used [0x00000000d5580000,0x00000000d9600000,0x00000000d9600000)
  from space 10752K, 53% used [0x00000000d9600000,0x00000000d9baa308,0x00000000da080000)
  to   space 10240K, 0% used [0x00000000dc480000,0x00000000dc480000,0x00000000dce80000)
 ParOldGen       total 60416K, used 9177K [0x0000000080000000, 0x0000000083b00000, 0x00000000d5580000)
  object space 60416K, 15% used [0x0000000080000000,0x00000000808f6608,0x0000000083b00000)
 Metaspace       used 32600K, capacity 33798K, committed 33920K, reserved 1079296K
  class space    used 4409K, capacity 4710K, committed 4736K, reserved 1048576K
Event: 4.237 GC heap after
Heap after GC invocations=9 (full 1):
 PSYoungGen      total 112640K, used 9686K [0x00000000d5580000, 0x00000000dd100000, 0x0000000100000000)
  eden space 102400K, 0% used [0x00000000d5580000,0x00000000d5580000,0x00000000db980000)
  from space 10240K, 94% used [0x00000000dc480000,0x00000000dcdf5be8,0x00000000dce80000)
  to   space 11264K, 0% used [0x00000000db980000,0x00000000db980000,0x00000000dc480000)
 ParOldGen       total 60416K, used 9185K [0x0000000080000000, 0x0000000083b00000, 0x00000000d5580000)
  object space 60416K, 15% used [0x0000000080000000,0x00000000808f8608,0x0000000083b00000)
 Metaspace       used 32600K, capacity 33798K, committed 33920K, reserved 1079296K
  class space    used 4409K, capacity 4710K, committed 4736K, reserved 1048576K
}
Event: 4.539 GC heap before
{Heap before GC invocations=10 (full 1):
 PSYoungGen      total 112640K, used 33182K [0x00000000d5580000, 0x00000000dd100000, 0x0000000100000000)
  eden space 102400K, 22% used [0x00000000d5580000,0x00000000d6c71ec8,0x00000000db980000)
  from space 10240K, 94% used [0x00000000dc480000,0x00000000dcdf5be8,0x00000000dce80000)
  to   space 11264K, 0% used [0x00000000db980000,0x00000000db980000,0x00000000dc480000)
 ParOldGen       total 60416K, used 9185K [0x0000000080000000, 0x0000000083b00000, 0x00000000d5580000)
  object space 60416K, 15% used [0x0000000080000000,0x00000000808f8608,0x0000000083b00000)
 Metaspace       used 34180K, capacity 35310K, committed 35416K, reserved 1079296K
  class space    used 4617K, capacity 4925K, committed 4992K, reserved 1048576K
Event: 4.548 GC heap after
Heap after GC invocations=10 (full 1):
 PSYoungGen      total 113664K, used 9501K [0x00000000d5580000, 0x00000000dd100000, 0x0000000100000000)
  eden space 102400K, 0% used [0x00000000d5580000,0x00000000d5580000,0x00000000db980000)
  from space 11264K, 84% used [0x00000000db980000,0x00000000dc2c7578,0x00000000dc480000)
  to   space 10240K, 0% used [0x00000000dc480000,0x00000000dc480000,0x00000000dce80000)
 ParOldGen       total 60416K, used 9193K [0x0000000080000000, 0x0000000083b00000, 0x00000000d5580000)
  object space 60416K, 15% used [0x0000000080000000,0x00000000808fa608,0x0000000083b00000)
 Metaspace       used 34180K, capacity 35310K, committed 35416K, reserved 1079296K
  class space    used 4617K, capacity 4925K, committed 4992K, reserved 1048576K
}
Event: 4.548 GC heap before
{Heap before GC invocations=11 (full 2):
 PSYoungGen      total 113664K, used 9501K [0x00000000d5580000, 0x00000000dd100000, 0x0000000100000000)
  eden space 102400K, 0% used [0x00000000d5580000,0x00000000d5580000,0x00000000db980000)
  from space 11264K, 84% used [0x00000000db980000,0x00000000dc2c7578,0x00000000dc480000)
  to   space 10240K, 0% used [0x00000000dc480000,0x00000000dc480000,0x00000000dce80000)
 ParOldGen       total 60416K, used 9193K [0x0000000080000000, 0x0000000083b00000, 0x00000000d5580000)
  object space 60416K, 15% used [0x0000000080000000,0x00000000808fa608,0x0000000083b00000)
 Metaspace       used 34180K, capacity 35310K, committed 35416K, reserved 1079296K
  class space    used 4617K, capacity 4925K, committed 4992K, reserved 1048576K
Event: 4.594 GC heap after
Heap after GC invocations=11 (full 2):
 PSYoungGen      total 113664K, used 0K [0x00000000d5580000, 0x00000000dd100000, 0x0000000100000000)
  eden space 102400K, 0% used [0x00000000d5580000,0x00000000d5580000,0x00000000db980000)
  from space 11264K, 0% used [0x00000000db980000,0x00000000db980000,0x00000000dc480000)
  to   space 10240K, 0% used [0x00000000dc480000,0x00000000dc480000,0x00000000dce80000)
 ParOldGen       total 60416K, used 16027K [0x0000000080000000, 0x0000000083b00000, 0x00000000d5580000)
  object space 60416K, 26% used [0x0000000080000000,0x0000000080fa6ee0,0x0000000083b00000)
 Metaspace       used 34180K, capacity 35310K, committed 35416K, reserved 1079296K
  class space    used 4617K, capacity 4925K, committed 4992K, reserved 1048576K
}
Event: 5.717 GC heap before
{Heap before GC invocations=12 (full 2):
 PSYoungGen      total 113664K, used 102400K [0x00000000d5580000, 0x00000000dd100000, 0x0000000100000000)
  eden space 102400K, 100% used [0x00000000d5580000,0x00000000db980000,0x00000000db980000)
  from space 11264K, 0% used [0x00000000db980000,0x00000000db980000,0x00000000dc480000)
  to   space 10240K, 0% used [0x00000000dc480000,0x00000000dc480000,0x00000000dce80000)
 ParOldGen       total 60416K, used 16027K [0x0000000080000000, 0x0000000083b00000, 0x00000000d5580000)
  object space 60416K, 26% used [0x0000000080000000,0x0000000080fa6ee0,0x0000000083b00000)
 Metaspace       used 40098K, capacity 41708K, committed 41816K, reserved 1085440K
  class space    used 5379K, capacity 5742K, committed 5760K, reserved 1048576K
Event: 5.724 GC heap after
Heap after GC invocations=12 (full 2):
 PSYoungGen      total 111104K, used 10229K [0x00000000d5580000, 0x00000000dee00000, 0x0000000100000000)
  eden space 100864K, 0% used [0x00000000d5580000,0x00000000d5580000,0x00000000db800000)
  from space 10240K, 99% used [0x00000000dc480000,0x00000000dce7d430,0x00000000dce80000)
  to   space 12800K, 0% used [0x00000000db800000,0x00000000db800000,0x00000000dc480000)
 ParOldGen       total 60416K, used 16669K [0x0000000080000000, 0x0000000083b00000, 0x00000000d5580000)
  object space 60416K, 27% used [0x0000000080000000,0x0000000081047610,0x0000000083b00000)
 Metaspace       used 40098K, capacity 41708K, committed 41816K, reserved 1085440K
  class space    used 5379K, capacity 5742K, committed 5760K, reserved 1048576K
}
Event: 8.349 GC heap before
{Heap before GC invocations=13 (full 2):
 PSYoungGen      total 111104K, used 111093K [0x00000000d5580000, 0x00000000dee00000, 0x0000000100000000)
  eden space 100864K, 100% used [0x00000000d5580000,0x00000000db800000,0x00000000db800000)
  from space 10240K, 99% used [0x00000000dc480000,0x00000000dce7d430,0x00000000dce80000)
  to   space 12800K, 0% used [0x00000000db800000,0x00000000db800000,0x00000000dc480000)
 ParOldGen       total 60416K, used 16669K [0x0000000080000000, 0x0000000083b00000, 0x00000000d5580000)
  object space 60416K, 27% used [0x0000000080000000,0x0000000081047610,0x0000000083b00000)
 Metaspace       used 48397K, capacity 50434K, committed 50520K, reserved 1093632K
  class space    used 6335K, capacity 6752K, committed 6784K, reserved 1048576K
Event: 8.360 GC heap after
Heap after GC invocations=13 (full 2):
 PSYoungGen      total 113664K, used 9066K [0x00000000d5580000, 0x00000000dea00000, 0x0000000100000000)
  eden space 100864K, 0% used [0x00000000d5580000,0x00000000d5580000,0x00000000db800000)
  from space 12800K, 70% used [0x00000000db800000,0x00000000dc0da9f0,0x00000000dc480000)
  to   space 13312K, 0% used [0x00000000ddd00000,0x00000000ddd00000,0x00000000dea00000)
 ParOldGen       total 60416K, used 23064K [0x0000000080000000, 0x0000000083b00000, 0x00000000d5580000)
  object space 60416K, 38% used [0x0000000080000000,0x0000000081686298,0x0000000083b00000)
 Metaspace       used 48397K, capacity 50434K, committed 50520K, reserved 1093632K
  class space    used 6335K, capacity 6752K, committed 6784K, reserved 1048576K
}

Deoptimization events (10 events):
Event: 6.687 Thread 0x000000001a1bb800 Uncommon trap: reason=unstable_if action=reinterpret pc=0x000000000429f4f4 method=java.io.ByteArrayInputStream.read([BII)I @ 63
Event: 6.711 Thread 0x000000001b9ce800 Uncommon trap: reason=bimorphic action=maybe_recompile pc=0x0000000003a04a8c method=java.io.DataOutputStream.writeShort(I)V @ 12
Event: 6.797 Thread 0x000000001fe39800 Uncommon trap: reason=unstable_if action=reinterpret pc=0x00000000042d6a9c method=java.util.concurrent.ConcurrentHashMap.addCount(JI)V @ 34
Event: 6.800 Thread 0x000000001fe3c800 Uncommon trap: reason=unstable_if action=reinterpret pc=0x0000000003905ff8 method=java.util.concurrent.ConcurrentHashMap.addCount(JI)V @ 7
Event: 8.622 Thread 0x000000001fe3c000 Uncommon trap: reason=unstable_if action=reinterpret pc=0x0000000004491038 method=java.util.Formatter$FormatSpecifier.precision(Ljava/lang/String;)I @ 6
Event: 8.622 Thread 0x000000001fe3c000 Uncommon trap: reason=unstable_if action=reinterpret pc=0x000000000447679c method=java.util.Formatter$Conversion.isValid(C)Z @ 4
Event: 8.624 Thread 0x000000001fe3c000 Uncommon trap: reason=unstable_if action=reinterpret pc=0x00000000044877d0 method=com.sun.crypto.provider.GaloisCounterMode.increment32([B)V @ 39
Event: 8.624 Thread 0x000000001fe3c000 Uncommon trap: reason=unstable_if action=reinterpret pc=0x0000000003a0cde0 method=com.sun.crypto.provider.GaloisCounterMode.increment32([B)V @ 39
Event: 8.624 Thread 0x000000001fe3c000 Uncommon trap: reason=unstable_if action=reinterpret pc=0x000000000383578c method=com.sun.crypto.provider.GaloisCounterMode.increment32([B)V @ 39
Event: 8.626 Thread 0x000000001fe3c000 Uncommon trap: reason=unstable_if action=reinterpret pc=0x00000000042c2bec method=com.sun.crypto.provider.GaloisCounterMode.increment32([B)V @ 39

Classes redefined (0 events):
No events

Internal exceptions (10 events):
Event: 5.707 Thread 0x000000001a1bb800 Exception <a 'java/lang/ClassNotFoundException': org/gradle/api/internal/artifacts/dsl/DefaultRepositoryHandlerCustomizer> (0x00000000db7e6a08) thrown at [C:\src\AOSP-openjdk-git\hotspot\src\share\vm\classfile\systemDictionary.cpp, line 210]
Event: 5.710 Thread 0x000000001a1bb800 Exception <a 'java/lang/ClassNotFoundException': org/gradle/api/internal/artifacts/dsl/DefaultRepositoryHandler_DecoratedCustomizer> (0x00000000db86a888) thrown at [C:\src\AOSP-openjdk-git\hotspot\src\share\vm\classfile\systemDictionary.cpp, line 210]
Event: 5.778 Thread 0x000000001a1bb800 Exception <a 'java/lang/ClassNotFoundException': groovy/lang/GString$1BeanInfo> (0x00000000d5b9f300) thrown at [C:\src\AOSP-openjdk-git\hotspot\src\share\vm\classfile\systemDictionary.cpp, line 210]
Event: 5.778 Thread 0x000000001a1bb800 Exception <a 'java/lang/ClassNotFoundException': groovy/lang/GStringBeanInfo> (0x00000000d5bc0770) thrown at [C:\src\AOSP-openjdk-git\hotspot\src\share\vm\classfile\systemDictionary.cpp, line 210]
Event: 5.779 Thread 0x000000001a1bb800 Exception <a 'java/lang/ClassNotFoundException': groovy/lang/GStringCustomizer> (0x00000000d5be2758) thrown at [C:\src\AOSP-openjdk-git\hotspot\src\share\vm\classfile\systemDictionary.cpp, line 210]
Event: 5.780 Thread 0x000000001a1bb800 Exception <a 'java/lang/ClassNotFoundException': groovy/lang/GString$1Customizer> (0x00000000d5c10b30) thrown at [C:\src\AOSP-openjdk-git\hotspot\src\share\vm\classfile\systemDictionary.cpp, line 210]
Event: 5.783 Thread 0x000000001a1bb800 Exception <a 'java/lang/ClassNotFoundException': org/codehaus/groovy/runtime/GStringImplBeanInfo> (0x00000000d5cc1f30) thrown at [C:\src\AOSP-openjdk-git\hotspot\src\share\vm\classfile\systemDictionary.cpp, line 210]
Event: 5.783 Thread 0x000000001a1bb800 Exception <a 'java/lang/ClassNotFoundException': org/codehaus/groovy/runtime/GStringImplCustomizer> (0x00000000d5cedfa8) thrown at [C:\src\AOSP-openjdk-git\hotspot\src\share\vm\classfile\systemDictionary.cpp, line 210]
Event: 5.945 Thread 0x000000001a1bb800 Implicit null exception at 0x000000000366df57 to 0x000000000366e35d
Event: 6.453 Thread 0x000000001a1bb800 Implicit null exception at 0x0000000004328e98 to 0x0000000004328fdd

Events (10 events):
Event: 8.643 Thread 0x000000001fe39800 DEOPT PACKING pc=0x000000000449c524 sp=0x0000000025d5c910
Event: 8.643 Thread 0x000000001fe39800 DEOPT UNPACKING pc=0x00000000034575d0 sp=0x0000000025d5c648 mode 0
Event: 8.643 Thread 0x000000001fe3c000 DEOPT PACKING pc=0x000000000449c524 sp=0x0000000025b5ca10
Event: 8.643 Thread 0x000000001fe3c000 DEOPT UNPACKING pc=0x00000000034575d0 sp=0x0000000025b5c748 mode 0
Event: 8.644 Thread 0x000000001fe39800 DEOPT PACKING pc=0x000000000449c524 sp=0x0000000025d5c910
Event: 8.644 Thread 0x000000001fe39800 DEOPT UNPACKING pc=0x00000000034575d0 sp=0x0000000025d5c648 mode 0
Event: 8.644 Thread 0x000000001fe39800 DEOPT PACKING pc=0x000000000449c524 sp=0x0000000025d5c910
Event: 8.644 Thread 0x000000001fe39800 DEOPT UNPACKING pc=0x00000000034575d0 sp=0x0000000025d5c648 mode 0
Event: 8.645 Thread 0x000000001fe39800 DEOPT PACKING pc=0x000000000449c524 sp=0x0000000025d5c910
Event: 8.645 Thread 0x000000001fe39800 DEOPT UNPACKING pc=0x00000000034575d0 sp=0x0000000025d5c648 mode 0


Dynamic libraries:
0x00007ff61f350000 - 0x00007ff61f381000 	C:\Program Files\Android\Android Studio\jre\bin\java.exe
0x00007ffce8bb0000 - 0x00007ffce8da5000 	C:\WINDOWS\SYSTEM32\ntdll.dll
0x00007ffce7c00000 - 0x00007ffce7cbd000 	C:\WINDOWS\System32\KERNEL32.DLL
0x00007ffce62f0000 - 0x00007ffce65b9000 	C:\WINDOWS\System32\KERNELBASE.dll
0x00007ffce8270000 - 0x00007ffce831c000 	C:\WINDOWS\System32\ADVAPI32.dll
0x00007ffce8a00000 - 0x00007ffce8a9e000 	C:\WINDOWS\System32\msvcrt.dll
0x00007ffce7b60000 - 0x00007ffce7bfc000 	C:\WINDOWS\System32\sechost.dll
0x00007ffce7fa0000 - 0x00007ffce80cb000 	C:\WINDOWS\System32\RPCRT4.dll
0x00007ffce80d0000 - 0x00007ffce8270000 	C:\WINDOWS\System32\USER32.dll
0x00007ffce6ac0000 - 0x00007ffce6ae2000 	C:\WINDOWS\System32\win32u.dll
0x00007ffce8aa0000 - 0x00007ffce8aca000 	C:\WINDOWS\System32\GDI32.dll
0x00007ffce65c0000 - 0x00007ffce66cb000 	C:\WINDOWS\System32\gdi32full.dll
0x00007ffce6af0000 - 0x00007ffce6b8d000 	C:\WINDOWS\System32\msvcp_win.dll
0x00007ffce66d0000 - 0x00007ffce67d0000 	C:\WINDOWS\System32\ucrtbase.dll
0x00007ffcd7020000 - 0x00007ffcd72ba000 	C:\WINDOWS\WinSxS\amd64_microsoft.windows.common-controls_6595b64144ccf1df_6.0.19041.844_none_ca00b6081b84eb1d\COMCTL32.dll
0x00007ffce76c0000 - 0x00007ffce76f0000 	C:\WINDOWS\System32\IMM32.DLL
0x0000000055f60000 - 0x0000000056032000 	C:\Program Files\Android\Android Studio\jre\jre\bin\msvcr100.dll
0x0000000056120000 - 0x000000005696b000 	C:\Program Files\Android\Android Studio\jre\jre\bin\server\jvm.dll
0x00007ffce8320000 - 0x00007ffce8328000 	C:\WINDOWS\System32\PSAPI.DLL
0x00007ffce1f10000 - 0x00007ffce1f19000 	C:\WINDOWS\SYSTEM32\WSOCK32.dll
0x00007ffcdf680000 - 0x00007ffcdf6a7000 	C:\WINDOWS\SYSTEM32\WINMM.dll
0x00007ffce7f20000 - 0x00007ffce7f8b000 	C:\WINDOWS\System32\WS2_32.dll
0x00007ffcdfde0000 - 0x00007ffcdfdea000 	C:\WINDOWS\SYSTEM32\VERSION.dll
0x00007ffcd3110000 - 0x00007ffcd311f000 	C:\Program Files\Android\Android Studio\jre\jre\bin\verify.dll
0x00007ffccbf30000 - 0x00007ffccbf59000 	C:\Program Files\Android\Android Studio\jre\jre\bin\java.dll
0x00007ffcd1b70000 - 0x00007ffcd1b86000 	C:\Program Files\Android\Android Studio\jre\jre\bin\zip.dll
0x00007ffce6f70000 - 0x00007ffce76b2000 	C:\WINDOWS\System32\SHELL32.dll
0x00007ffce4470000 - 0x00007ffce4c00000 	C:\WINDOWS\SYSTEM32\windows.storage.dll
0x00007ffce84c0000 - 0x00007ffce8815000 	C:\WINDOWS\System32\combase.dll
0x00007ffce5d60000 - 0x00007ffce5d8c000 	C:\WINDOWS\SYSTEM32\Wldp.dll
0x00007ffce8340000 - 0x00007ffce83ee000 	C:\WINDOWS\System32\SHCORE.dll
0x00007ffce6c10000 - 0x00007ffce6c65000 	C:\WINDOWS\System32\shlwapi.dll
0x00007ffce6230000 - 0x00007ffce624f000 	C:\WINDOWS\SYSTEM32\profapi.dll
0x00007ffccbf10000 - 0x00007ffccbf2a000 	C:\Program Files\Android\Android Studio\jre\jre\bin\net.dll
0x00007ffce5ae0000 - 0x00007ffce5b4a000 	C:\WINDOWS\system32\mswsock.dll
0x00007ffccbef0000 - 0x00007ffccbf03000 	C:\Program Files\Android\Android Studio\jre\jre\bin\nio.dll
0x00007ffce1fc0000 - 0x00007ffce1fe7000 	C:\Users\deded\.gradle\native\f6784746aeab05261644944871eae4fe03e0ef1612fff0a4a95f87b438bc6780\windows-amd64\native-platform.dll
0x00007ffcd1bb0000 - 0x00007ffcd1bbd000 	C:\Program Files\Android\Android Studio\jre\jre\bin\management.dll
0x00007ffce5cb0000 - 0x00007ffce5cc8000 	C:\WINDOWS\SYSTEM32\CRYPTSP.dll
0x00007ffce5410000 - 0x00007ffce5444000 	C:\WINDOWS\system32\rsaenh.dll
0x00007ffce67d0000 - 0x00007ffce67f7000 	C:\WINDOWS\System32\bcrypt.dll
0x00007ffce61b0000 - 0x00007ffce61de000 	C:\WINDOWS\SYSTEM32\USERENV.dll
0x00007ffce6b90000 - 0x00007ffce6c10000 	C:\WINDOWS\System32\bcryptprimitives.dll
0x00007ffce5cd0000 - 0x00007ffce5cdc000 	C:\WINDOWS\SYSTEM32\CRYPTBASE.dll
0x00007ffce5780000 - 0x00007ffce57bb000 	C:\WINDOWS\SYSTEM32\IPHLPAPI.DLL
0x00007ffce7f90000 - 0x00007ffce7f98000 	C:\WINDOWS\System32\NSI.dll
0x00007ffce0360000 - 0x00007ffce0377000 	C:\WINDOWS\SYSTEM32\dhcpcsvc6.DLL
0x00007ffce0340000 - 0x00007ffce035d000 	C:\WINDOWS\SYSTEM32\dhcpcsvc.DLL
0x00007ffce57c0000 - 0x00007ffce588b000 	C:\WINDOWS\SYSTEM32\DNSAPI.dll
0x00007ffce03d0000 - 0x00007ffce03db000 	C:\WINDOWS\SYSTEM32\WINNSI.DLL
0x00007ffccb6d0000 - 0x00007ffccb6f4000 	C:\Program Files\Android\Android Studio\jre\jre\bin\sunec.dll
0x00007ffcdf620000 - 0x00007ffcdf62a000 	C:\Windows\System32\rasadhlp.dll
0x00007ffcda2b0000 - 0x00007ffcda32f000 	C:\WINDOWS\System32\fwpuclnt.dll
0x00007ffcd1b50000 - 0x00007ffcd1b5b000 	C:\Program Files\Android\Android Studio\jre\jre\bin\sunmscapi.dll
0x00007ffce68b0000 - 0x00007ffce6a0f000 	C:\WINDOWS\System32\CRYPT32.dll

VM Arguments:
jvm_args: -Xmx2048m -Dfile.encoding=UTF-8 -Duser.country=ID -Duser.language=en -Duser.variant 
java_command: org.gradle.launcher.daemon.bootstrap.GradleDaemon 6.5
java_class_path (initial): C:\Users\deded\.gradle\wrapper\dists\gradle-6.5-bin\6nifqtx7604sqp1q6g8wikw7p\gradle-6.5\lib\gradle-launcher-6.5.jar
Launcher Type: SUN_STANDARD

Environment Variables:
PATH=C:\Windows\system32;C:\Windows;C:\Windows\System32\Wbem;C:\Windows\System32\WindowsPowerShell\v1.0\;C:\Windows\System32\OpenSSH\;C:\Program Files\Git\cmd;C:\Program Files (x86)\NVIDIA Corporation\PhysX\Common;C:\Program Files\NVIDIA Corporation\NVIDIA NvDLISR;C:\WINDOWS\system32;C:\WINDOWS;C:\WINDOWS\System32\Wbem;C:\WINDOWS\System32\WindowsPowerShell\v1.0\;C:\WINDOWS\System32\OpenSSH\;C:\Users\deded\AppData\Local\Microsoft\WindowsApps;
USERNAME=deded
OS=Windows_NT
PROCESSOR_IDENTIFIER=Intel64 Family 6 Model 58 Stepping 9, GenuineIntel



---------------  S Y S T E M  ---------------

OS: Windows 10.0 , 64 bit Build 19041 (10.0.19041.804)

CPU:total 4 (initial active 4) (4 cores per cpu, 1 threads per core) family 6 model 58 stepping 9, cmov, cx8, fxsr, mmx, sse, sse2, sse3, ssse3, sse4.1, sse4.2, popcnt, avx, aes, clmul, erms, tsc, tscinvbit, tscinv

Memory: 4k page, physical 8336380k(294688k free), swap 28614092k(4172k free)

vm_info: OpenJDK 64-Bit Server VM (25.242-b01) for windows-amd64 JRE (1.8.0_242-release-1644-b01), built by "builder" with MS VC++ 10.0 (VS2010)

time: Fri Apr 02 21:58:32 2021
timezone: SE Asia Standard Time
elapsed time: 9 seconds (0d 0h 0m 9s)

